#
# There is insufficient memory for the Java Runtime Environment to continue.
# Native memory allocation (malloc) failed to allocate 640336 bytes for Chunk::new
# Possible reasons:
#   The system is out of physical RAM or swap space
#   In 32 bit mode, the process size limit was hit
# Possible solutions:
#   Reduce memory load on the system
#   Increase physical memory or swap space
#   Check if swap backing store is full
#   Use 64 bit Java on a 64 bit OS
#   Decrease Java heap size (-Xmx/-Xms)
#   Decrease number of Java threads
#   Decrease Java thread stack sizes (-Xss)
#   Set larger code cache with -XX:ReservedCodeCacheSize=
# This output file may be truncated or incomplete.
#
#  Out of Memory Error (allocation.cpp:390), pid=54280, tid=0x000000000000d038
#
# JRE version: OpenJDK Runtime Environment (8.0) (build 1.8.0-adoptopenjdk-_2018_05_19_00_59-b00)
# Java VM: OpenJDK 64-Bit Server VM (25.71-b00 mixed mode windows-amd64 compressed oops)
# Failed to write core dump. Minidumps are not enabled by default on client versions of Windows
#

---------------  T H R E A D  ---------------

Current thread (0x000000001dd27800):  JavaThread "C2 CompilerThread2" daemon [_thread_in_native, id=53304, stack(0x000000001f560000,0x000000001f660000)]

Stack: [0x000000001f560000,0x000000001f660000]
[error occurred during error reporting (printing stack bounds), id 0xc0000005]

Native frames: (J=compiled Java code, j=interpreted, Vv=VM code, C=native code)


Current CompileTask:
C2:   4190 2415   !   4       com.sun.org.apache.xerces.internal.impl.xs.XMLSchemaValidator::handleStartElement (1451 bytes)


---------------  P R O C E S S  ---------------

Java Threads: ( => current thread )
  0x000000001fd8b800 JavaThread "Keep-Alive-Timer" daemon [_thread_blocked, id=45580, stack(0x0000000020950000,0x0000000020a50000)]
  0x000000001ddae800 JavaThread "Service Thread" daemon [_thread_blocked, id=45216, stack(0x000000001f760000,0x000000001f860000)]
  0x000000001dd28800 JavaThread "C1 CompilerThread3" daemon [_thread_blocked, id=54200, stack(0x000000001f660000,0x000000001f760000)]
=>0x000000001dd27800 JavaThread "C2 CompilerThread2" daemon [_thread_in_native, id=53304, stack(0x000000001f560000,0x000000001f660000)]
  0x000000001dd25000 JavaThread "C2 CompilerThread1" daemon [_thread_in_native, id=19348, stack(0x000000001f460000,0x000000001f560000)]
  0x000000001dd1d800 JavaThread "C2 CompilerThread0" daemon [_thread_in_native, id=37912, stack(0x000000001f360000,0x000000001f460000)]
  0x000000001dd1c800 JavaThread "Attach Listener" daemon [_thread_blocked, id=34600, stack(0x000000001f260000,0x000000001f360000)]
  0x000000001dd1b000 JavaThread "Signal Dispatcher" daemon [_thread_blocked, id=37660, stack(0x000000001f160000,0x000000001f260000)]
  0x000000001c641800 JavaThread "Finalizer" daemon [_thread_blocked, id=2592, stack(0x000000001ef60000,0x000000001f060000)]
  0x000000001c63a800 JavaThread "Reference Handler" daemon [_thread_blocked, id=34052, stack(0x000000001ee60000,0x000000001ef60000)]
  0x00000000028b4800 JavaThread "main" [_thread_in_vm, id=49508, stack(0x00000000027b0000,0x00000000028b0000)]

Other Threads:
  0x00000000029ac000 VMThread [stack: 0x000000001ed60000,0x000000001ee60000] [id=40352]
  0x000000001ddbf800 WatcherThread [stack: 0x000000001f860000,0x000000001f960000] [id=8864]

VM state:not at safepoint (normal execution)

VM Mutex/Monitor currently owned by a thread: None

Heap:
 PSYoungGen      total 76288K, used 49231K [0x000000076b300000, 0x0000000770800000, 0x00000007c0000000)
  eden space 65536K, 63% used [0x000000076b300000,0x000000076dbb8f28,0x000000076f300000)
  from space 10752K, 70% used [0x000000076f300000,0x000000076fa5af90,0x000000076fd80000)
  to   space 10752K, 0% used [0x000000076fd80000,0x000000076fd80000,0x0000000770800000)
 ParOldGen       total 175104K, used 32K [0x00000006c1800000, 0x00000006cc300000, 0x000000076b300000)
  object space 175104K, 0% used [0x00000006c1800000,0x00000006c1808000,0x00000006cc300000)
 Metaspace       used 17324K, capacity 17776K, committed 18048K, reserved 1064960K
  class space    used 1974K, capacity 2118K, committed 2176K, reserved 1048576K

Card table byte_map: [0x0000000011d70000,0x0000000012570000] byte_map_base: 0x000000000e764000

Marking Bits: (ParMarkBitMap*) 0x000000006fecbe50
 Begin Bits: [0x00000000134c0000, 0x0000000017460000)
 End Bits:   [0x0000000017460000, 0x000000001b400000)

Polling page: 0x00000000009a0000

CodeCache: size=245760Kb used=8838Kb max_used=8838Kb free=236921Kb
 bounds [0x00000000029b0000, 0x0000000003260000, 0x00000000119b0000]
 total_blobs=2919 nmethods=2500 adapters=332
 compilation: enabled

Compilation events (10 events):
Event: 4.184 Thread 0x000000001dd28800 nmethod 2496 0x000000000324c310 code [0x000000000324c460, 0x000000000324c5b0]
Event: 4.184 Thread 0x000000001dd28800 2485       3       java.util.TreeSet::add (22 bytes)
Event: 4.184 Thread 0x000000001dd28800 nmethod 2485 0x000000000324c650 code [0x000000000324c7c0, 0x000000000324ca48]
Event: 4.184 Thread 0x000000001dd28800 2497       3       java.util.TreeMap::get (19 bytes)
Event: 4.184 Thread 0x000000001dd28800 nmethod 2497 0x000000000324cb10 code [0x000000000324cc80, 0x000000000324cee8]
Event: 4.185 Thread 0x000000001dd28800 2499       3       com.google.common.collect.AbstractSetMultimap::put (7 bytes)
Event: 4.185 Thread 0x000000001dd28800 nmethod 2499 0x000000000324cfd0 code [0x000000000324d140, 0x000000000324d2c8]
Event: 4.185 Thread 0x000000001dd28800 2500       3       com.google.common.collect.AbstractMapBasedMultimap::put (92 bytes)
Event: 4.185 Thread 0x000000001dd28800 nmethod 2500 0x000000000324d350 code [0x000000000324d520, 0x000000000324dd38]
Event: 4.185 Thread 0x000000001dd28800 2506       3       java.util.regex.Pattern::split (290 bytes)

GC Heap History (2 events):
Event: 2.724 GC heap before
{Heap before GC invocations=1 (full 0):
 PSYoungGen      total 76288K, used 65536K [0x000000076b300000, 0x0000000770800000, 0x00000007c0000000)
  eden space 65536K, 100% used [0x000000076b300000,0x000000076f300000,0x000000076f300000)
  from space 10752K, 0% used [0x000000076fd80000,0x000000076fd80000,0x0000000770800000)
  to   space 10752K, 0% used [0x000000076f300000,0x000000076f300000,0x000000076fd80000)
 ParOldGen       total 175104K, used 0K [0x00000006c1800000, 0x00000006cc300000, 0x000000076b300000)
  object space 175104K, 0% used [0x00000006c1800000,0x00000006c1800000,0x00000006cc300000)
 Metaspace       used 16921K, capacity 17344K, committed 17536K, reserved 1064960K
  class space    used 1952K, capacity 2070K, committed 2176K, reserved 1048576K
Event: 2.731 GC heap after
Heap after GC invocations=1 (full 0):
 PSYoungGen      total 76288K, used 7531K [0x000000076b300000, 0x0000000770800000, 0x00000007c0000000)
  eden space 65536K, 0% used [0x000000076b300000,0x000000076b300000,0x000000076f300000)
  from space 10752K, 70% used [0x000000076f300000,0x000000076fa5af90,0x000000076fd80000)
  to   space 10752K, 0% used [0x000000076fd80000,0x000000076fd80000,0x0000000770800000)
 ParOldGen       total 175104K, used 32K [0x00000006c1800000, 0x00000006cc300000, 0x000000076b300000)
  object space 175104K, 0% used [0x00000006c1800000,0x00000006c1808000,0x00000006cc300000)
 Metaspace       used 16921K, capacity 17344K, committed 17536K, reserved 1064960K
  class space    used 1952K, capacity 2070K, committed 2176K, reserved 1048576K
}

Deoptimization events (10 events):
Event: 1.559 Thread 0x00000000028b4800 Uncommon trap: reason=unstable_if action=reinterpret pc=0x0000000002d761b8 method=java.lang.Integer.parseInt(Ljava/lang/String;I)I @ 197
Event: 1.831 Thread 0x00000000028b4800 Uncommon trap: reason=unstable_if action=reinterpret pc=0x0000000002ebf5f4 method=com.sun.org.apache.xerces.internal.impl.XMLEntityScanner.checkBeforeLoad(Lcom/sun/xml/internal/stream/Entity$ScannedEntity;II)I @ 18
Event: 1.857 Thread 0x00000000028b4800 Uncommon trap: reason=unstable_if action=reinterpret pc=0x0000000002ed658c method=java.util.regex.Pattern$Ctype.isSatisfiedBy(I)Z @ 4
Event: 1.875 Thread 0x00000000028b4800 Uncommon trap: reason=unstable_if action=reinterpret pc=0x0000000002eecedc method=java.util.regex.Matcher.find()Z @ 34
Event: 2.030 Thread 0x00000000028b4800 Uncommon trap: reason=unstable_if action=reinterpret pc=0x0000000002f065a8 method=java.lang.AbstractStringBuilder.append(Ljava/lang/CharSequence;)Ljava/lang/AbstractStringBuilder; @ 13
Event: 2.549 Thread 0x00000000028b4800 Uncommon trap: reason=unstable_if action=reinterpret pc=0x0000000002f22144 method=com.sun.org.apache.xerces.internal.impl.XMLEntityScanner.scanContent(Lcom/sun/org/apache/xerces/internal/xni/XMLString;)I @ 418
Event: 2.734 Thread 0x00000000028b4800 Uncommon trap: reason=unstable_if action=reinterpret pc=0x000000000304188c method=com.sun.org.apache.xerces.internal.impl.XMLEntityScanner.skipSpaces()Z @ 303
Event: 3.517 Thread 0x00000000028b4800 Uncommon trap: reason=unstable_if action=reinterpret pc=0x000000000307e0cc method=com.sun.org.apache.xerces.internal.impl.xpath.regex.RangeToken.match(I)Z @ 4
Event: 4.118 Thread 0x00000000028b4800 Uncommon trap: reason=unstable_if action=reinterpret pc=0x0000000003153c98 method=java.util.HashMap.clear()V @ 16
Event: 4.173 Thread 0x00000000028b4800 Uncommon trap: reason=unstable_if action=reinterpret pc=0x0000000003049774 method=com.sun.org.apache.xerces.internal.impl.XMLEntityScanner.scanQName(Lcom/sun/org/apache/xerces/internal/xni/QName;Lcom/sun/org/apache/xerces/internal/impl/XMLScanner$NameType

Classes redefined (0 events):
No events

Internal exceptions (10 events):
Event: 1.369 Thread 0x00000000028b4800 Exception <a 'java/lang/ArrayIndexOutOfBoundsException': 85> (0x000000076d2c5be0) thrown at [C:\Users\jenkins\workspace\openjdk8_build_x86-64_windows\openjdk\hotspot\src\share\vm\interpreter\interpreterRuntime.cpp, line 366]
Event: 1.369 Thread 0x00000000028b4800 Exception <a 'java/lang/ArrayIndexOutOfBoundsException': 76> (0x000000076d2c7108) thrown at [C:\Users\jenkins\workspace\openjdk8_build_x86-64_windows\openjdk\hotspot\src\share\vm\interpreter\interpreterRuntime.cpp, line 366]
Event: 1.429 Thread 0x00000000028b4800 Implicit null exception at 0x0000000002c08a16 to 0x0000000002c08dc1
Event: 1.523 Thread 0x00000000028b4800 Implicit null exception at 0x0000000002bd9c56 to 0x0000000002bd9ff9
Event: 1.725 Thread 0x00000000028b4800 Exception <a 'java/lang/ClassNotFoundException': com/sun/org/glassfish/hk2/osgiresourcelocator/ServiceLoader> (0x000000076d6b60c8) thrown at [C:\Users\jenkins\workspace\openjdk8_build_x86-64_windows\openjdk\hotspot\src\share\vm\classfile\systemDictionary.
Event: 3.414 Thread 0x00000000028b4800 Exception <a 'java/lang/ClassNotFoundException': com/sun/org/glassfish/hk2/osgiresourcelocator/ServiceLoader> (0x000000076c2f6410) thrown at [C:\Users\jenkins\workspace\openjdk8_build_x86-64_windows\openjdk\hotspot\src\share\vm\classfile\systemDictionary.
Event: 3.517 Thread 0x00000000028b4800 Implicit null exception at 0x000000000307e010 to 0x000000000307e0b5
Event: 3.895 Thread 0x00000000028b4800 Exception <a 'sun/nio/fs/WindowsException'> (0x000000076d10e428) thrown at [C:\Users\jenkins\workspace\openjdk8_build_x86-64_windows\openjdk\hotspot\src\share\vm\prims\jni.cpp, line 709]
Event: 3.895 Thread 0x00000000028b4800 Exception <a 'sun/nio/fs/WindowsException'> (0x000000076d10e8e0) thrown at [C:\Users\jenkins\workspace\openjdk8_build_x86-64_windows\openjdk\hotspot\src\share\vm\prims\jni.cpp, line 709]
Event: 4.055 Thread 0x00000000028b4800 Exception <a 'java/lang/ClassNotFoundException': com/sun/org/glassfish/hk2/osgiresourcelocator/ServiceLoader> (0x000000076d1c9558) thrown at [C:\Users\jenkins\workspace\openjdk8_build_x86-64_windows\openjdk\hotspot\src\share\vm\classfile\systemDictionary.

Events (10 events):
Event: 4.144 Thread 0x00000000028b4800 DEOPT UNPACKING pc=0x00000000029f75d0 sp=0x00000000028adb70 mode 0
Event: 4.154 Thread 0x00000000028b4800 DEOPT PACKING pc=0x00000000030b6820 sp=0x00000000028adce0
Event: 4.155 Thread 0x00000000028b4800 DEOPT UNPACKING pc=0x00000000029f75d0 sp=0x00000000028adb70 mode 0
Event: 4.166 Thread 0x00000000028b4800 DEOPT PACKING pc=0x00000000030b6820 sp=0x00000000028adce0
Event: 4.166 Thread 0x00000000028b4800 DEOPT UNPACKING pc=0x00000000029f75d0 sp=0x00000000028adb70 mode 0
Event: 4.173 Thread 0x00000000028b4800 Uncommon trap: trap_request=0xffffff65 fr.pc=0x0000000003049774
Event: 4.173 Thread 0x00000000028b4800 DEOPT PACKING pc=0x0000000003049774 sp=0x00000000028ae650
Event: 4.173 Thread 0x00000000028b4800 DEOPT UNPACKING pc=0x00000000029f557b sp=0x00000000028ae650 mode 2
Event: 4.186 loading class com/android/repository/api/UpdatablePackage
Event: 4.186 loading class com/android/repository/api/UpdatablePackage done


Dynamic libraries:
0x00007ff602fa0000 - 0x00007ff602fd5000 	C:\Program Files\Unity\Hub\Editor\2019.3.4f1\Editor\Data\PlaybackEngines\AndroidPlayer\OpenJDK\bin\java.exe
0x00007ffd13d90000 - 0x00007ffd13f85000 	C:\WINDOWS\SYSTEM32\ntdll.dll
0x00007ffd12a60000 - 0x00007ffd12b1d000 	C:\WINDOWS\System32\KERNEL32.DLL
0x00007ffd11630000 - 0x00007ffd118f8000 	C:\WINDOWS\System32\KERNELBASE.dll
0x00007ffd13550000 - 0x00007ffd135fc000 	C:\WINDOWS\System32\ADVAPI32.dll
0x00007ffd11e70000 - 0x00007ffd11f0e000 	C:\WINDOWS\System32\msvcrt.dll
0x00007ffd128b0000 - 0x00007ffd1294b000 	C:\WINDOWS\System32\sechost.dll
0x00007ffd12da0000 - 0x00007ffd12ecb000 	C:\WINDOWS\System32\RPCRT4.dll
0x00007ffd12b20000 - 0x00007ffd12cc0000 	C:\WINDOWS\System32\USER32.dll
0x00007ffd11dc0000 - 0x00007ffd11de2000 	C:\WINDOWS\System32\win32u.dll
0x00007ffd12380000 - 0x00007ffd123aa000 	C:\WINDOWS\System32\GDI32.dll
0x00007ffd11b80000 - 0x00007ffd11c8b000 	C:\WINDOWS\System32\gdi32full.dll
0x00007ffd11ae0000 - 0x00007ffd11b7d000 	C:\WINDOWS\System32\msvcp_win.dll
0x00007ffd119b0000 - 0x00007ffd11ab0000 	C:\WINDOWS\System32\ucrtbase.dll
0x00007ffd108f0000 - 0x00007ffd10b8a000 	C:\WINDOWS\WinSxS\amd64_microsoft.windows.common-controls_6595b64144ccf1df_6.0.19041.844_none_ca00b6081b84eb1d\COMCTL32.dll
0x00007ffd12630000 - 0x00007ffd12660000 	C:\WINDOWS\System32\IMM32.DLL
0x0000000070ca0000 - 0x0000000070d72000 	C:\Program Files\Unity\Hub\Editor\2019.3.4f1\Editor\Data\PlaybackEngines\AndroidPlayer\OpenJDK\jre\bin\msvcr100.dll
0x000000006f700000 - 0x000000006ff49000 	C:\Program Files\Unity\Hub\Editor\2019.3.4f1\Editor\Data\PlaybackEngines\AndroidPlayer\OpenJDK\jre\bin\server\jvm.dll
0x00007ffd12d90000 - 0x00007ffd12d98000 	C:\WINDOWS\System32\PSAPI.DLL
0x00007ffcf9ce0000 - 0x00007ffcf9ce9000 	C:\WINDOWS\SYSTEM32\WSOCK32.dll
0x00007ffcfc590000 - 0x00007ffcfc5b7000 	C:\WINDOWS\SYSTEM32\WINMM.dll
0x00007ffd0e7f0000 - 0x00007ffd0e7fa000 	C:\WINDOWS\SYSTEM32\VERSION.dll
0x00007ffd12cc0000 - 0x00007ffd12d2b000 	C:\WINDOWS\System32\WS2_32.dll
0x00007ffcf9400000 - 0x00007ffcf940f000 	C:\Program Files\Unity\Hub\Editor\2019.3.4f1\Editor\Data\PlaybackEngines\AndroidPlayer\OpenJDK\jre\bin\verify.dll
0x00007ffce8700000 - 0x00007ffce8729000 	C:\Program Files\Unity\Hub\Editor\2019.3.4f1\Editor\Data\PlaybackEngines\AndroidPlayer\OpenJDK\jre\bin\java.dll
0x00007ffcf7b80000 - 0x00007ffcf7b96000 	C:\Program Files\Unity\Hub\Editor\2019.3.4f1\Editor\Data\PlaybackEngines\AndroidPlayer\OpenJDK\jre\bin\zip.dll
0x00007ffd13600000 - 0x00007ffd13d42000 	C:\WINDOWS\System32\SHELL32.dll
0x00007ffd0e8f0000 - 0x00007ffd0f080000 	C:\WINDOWS\SYSTEM32\windows.storage.dll
0x00007ffd12ed0000 - 0x00007ffd13225000 	C:\WINDOWS\System32\combase.dll
0x00007ffd10850000 - 0x00007ffd1087c000 	C:\WINDOWS\SYSTEM32\Wldp.dll
0x00007ffd123b0000 - 0x00007ffd1245e000 	C:\WINDOWS\System32\SHCORE.dll
0x00007ffd134e0000 - 0x00007ffd13535000 	C:\WINDOWS\System32\shlwapi.dll
0x00007ffd11410000 - 0x00007ffd1142f000 	C:\WINDOWS\SYSTEM32\profapi.dll
0x00007ffcf78b0000 - 0x00007ffcf78ca000 	C:\Program Files\Unity\Hub\Editor\2019.3.4f1\Editor\Data\PlaybackEngines\AndroidPlayer\OpenJDK\jre\bin\net.dll
0x00007ffd10520000 - 0x00007ffd1058a000 	C:\WINDOWS\system32\mswsock.dll
0x00007ffcec540000 - 0x00007ffcec551000 	C:\Program Files\Unity\Hub\Editor\2019.3.4f1\Editor\Data\PlaybackEngines\AndroidPlayer\OpenJDK\jre\bin\nio.dll
0x00007ffce85c0000 - 0x00007ffce85e4000 	C:\Program Files\Unity\Hub\Editor\2019.3.4f1\Editor\Data\PlaybackEngines\AndroidPlayer\OpenJDK\jre\bin\sunec.dll
0x00007ffd11260000 - 0x00007ffd11278000 	C:\WINDOWS\SYSTEM32\CRYPTSP.dll
0x00007ffd0fee0000 - 0x00007ffd0ff14000 	C:\WINDOWS\system32\rsaenh.dll
0x00007ffd11ab0000 - 0x00007ffd11ad7000 	C:\WINDOWS\System32\bcrypt.dll
0x00007ffd11390000 - 0x00007ffd113be000 	C:\WINDOWS\SYSTEM32\USERENV.dll
0x00007ffd11d40000 - 0x00007ffd11dc0000 	C:\WINDOWS\System32\bcryptprimitives.dll
0x00007ffd10810000 - 0x00007ffd1081c000 	C:\WINDOWS\SYSTEM32\CRYPTBASE.dll
0x00007ffd10250000 - 0x00007ffd1028b000 	C:\WINDOWS\SYSTEM32\IPHLPAPI.DLL
0x00007ffd13540000 - 0x00007ffd13548000 	C:\WINDOWS\System32\NSI.dll
0x00007ffd08870000 - 0x00007ffd08887000 	C:\WINDOWS\SYSTEM32\dhcpcsvc6.DLL
0x00007ffd08830000 - 0x00007ffd0884d000 	C:\WINDOWS\SYSTEM32\dhcpcsvc.DLL
0x00007ffd10290000 - 0x00007ffd1035c000 	C:\WINDOWS\SYSTEM32\DNSAPI.dll
0x00007ffce86f0000 - 0x00007ffce86fb000 	C:\Program Files\Unity\Hub\Editor\2019.3.4f1\Editor\Data\PlaybackEngines\AndroidPlayer\OpenJDK\jre\bin\sunmscapi.dll
0x00007ffd114d0000 - 0x00007ffd1162f000 	C:\WINDOWS\System32\CRYPT32.dll
0x0000000072180000 - 0x00000000721a6000 	C:\Program Files\Bonjour\mdnsNSP.dll
0x00007ffd08cf0000 - 0x00007ffd08cfa000 	C:\Windows\System32\rasadhlp.dll
0x00007ffcfe240000 - 0x00007ffcfe2bf000 	C:\WINDOWS\System32\fwpuclnt.dll

VM Arguments:
jvm_args: -Dcom.android.sdklib.toolsdir=C:\Program Files\Unity\Hub\Editor\2019.3.4f1\Editor\Data\PlaybackEngines\AndroidPlayer\SDK\tools\bin\\.. 
java_command: com.android.sdklib.tool.sdkmanager.SdkManagerCli --list
java_class_path (initial): C:\Program Files\Unity\Hub\Editor\2019.3.4f1\Editor\Data\PlaybackEngines\AndroidPlayer\SDK\tools\bin\..\lib\dvlib-26.0.0-dev.jar;C:\Program Files\Unity\Hub\Editor\2019.3.4f1\Editor\Data\PlaybackEngines\AndroidPlayer\SDK\tools\bin\..\lib\jimfs-1.1.jar;C:\Program Files\Unity\Hub\Editor\2019.3.4f1\Editor\Data\PlaybackEngines\AndroidPlayer\SDK\tools\bin\..\lib\jsr305-1.3.9.jar;C:\Program Files\Unity\Hub\Editor\2019.3.4f1\Editor\Data\PlaybackEngines\AndroidPlayer\SDK\tools\bin\..\lib\repository-26.0.0-dev.jar;C:\Program Files\Unity\Hub\Editor\2019.3.4f1\Editor\Data\PlaybackEngines\AndroidPlayer\SDK\tools\bin\..\lib\j2objc-annotations-1.1.jar;C:\Program Files\Unity\Hub\Editor\2019.3.4f1\Editor\Data\PlaybackEngines\AndroidPlayer\SDK\tools\bin\..\lib\layoutlib-api-26.0.0-dev.jar;C:\Program Files\Unity\Hub\Editor\2019.3.4f1\Editor\Data\PlaybackEngines\AndroidPlayer\SDK\tools\bin\..\lib\gson-2.3.jar;C:\Program Files\Unity\Hub\Editor\2019.3.4f1\Editor\Data\PlaybackEngines\AndroidPlayer\SDK\tools\bin\..\lib\httpcore-4.2.5.jar;C:\Program Files\Unity\Hub\Editor\2019.3.4f1\Editor\Data\PlaybackEngines\AndroidPlayer\SDK\tools\bin\..\lib\commons-logging-1.1.1.jar;C:\Program Files\Unity\Hub\Editor\2019.3.4f1\Editor\Data\PlaybackEngines\AndroidPlayer\SDK\tools\bin\..\lib\commons-compress-1.12.jar;C:\Program Files\Unity\Hub\Editor\2019.3.4f1\Editor\Data\PlaybackEngines\AndroidPlayer\SDK\tools\bin\..\lib\annotations-26.0.0-dev.jar;C:\Program Files\Unity\Hub\Editor\2019.3.4f1\Editor\Data\PlaybackEngines\AndroidPlayer\SDK\tools\bin\..\lib\error_prone_annotations-2.0.18.jar;C:\Program Files\Unity\Hub\Editor\2019.3.4f1\Editor\Data\PlaybackEngines\AndroidPlayer\SDK\tools\bin\..\lib\animal-sniffer-annotations-1.14.jar;C:\Program Files\Unity\Hub\Editor\2019.3.4f1\Editor\Data\PlaybackEngines\AndroidPlayer\SDK\tools\bin\..\lib\httpclient-4.2.6.jar;C:\Program Files\Unity\Hub\Editor\2019.3.4f1\Editor\Data\PlaybackEngines\AndroidPlayer\SDK\tools\bin\..\lib\commons-codec-
Launcher Type: SUN_STANDARD

Environment Variables:
JAVA_HOME=C:/Program Files/Unity/Hub/Editor/2019.3.4f1/Editor/Data/PlaybackEngines/AndroidPlayer\OpenJDK
JRE_HOME=C:\Program Files\Android\Android Studio\jre\jre
USERNAME=junga
OS=Windows_NT
PROCESSOR_IDENTIFIER=Intel64 Family 6 Model 158 Stepping 10, GenuineIntel



---------------  S Y S T E M  ---------------

OS: Windows 10.0 , 64 bit Build 19041 (10.0.19041.928)

CPU:total 12 (initial active 12) (6 cores per cpu, 2 threads per core) family 6 model 158 stepping 10, cmov, cx8, fxsr, mmx, sse, sse2, sse3, ssse3, sse4.1, sse4.2, popcnt, avx, avx2, aes, clmul, erms, 3dnowpref, lzcnt, ht, tsc, tscinvbit, bmi1, bmi2, adx

Memory: 4k page, physical 16673004k(2867960k free), swap 67004652k(284k free)

vm_info: OpenJDK 64-Bit Server VM (25.71-b00) for windows-amd64 JRE (1.8.0-adoptopenjdk-_2018_05_19_00_59-b00), built on May 19 2018 01:02:12 by "jenkins" with MS VC++ 10.0 (VS2010)

time: Sun Jun 06 01:34:08 2021
elapsed time: 4 seconds (0d 0h 0m 4s)

